commit 25a8eeea520ef7c29266a15553ab95dcc61cb898
Author: mittal13@purdue.edu <mittal13@ecegrid-thin1.ecn.purdue.edu>
Date:   Sun Oct 19 22:55:27 2014 -0400

    Finally done after panicing

commit 255c531deb2b2aa36b956d745d764c61a996caf5
Author: mittal13@purdue.edu <mittal13@ecegrid-thin1.ecn.purdue.edu>
Date:   Sat Oct 18 12:46:02 2014 -0400

    Still on PA06 as of on the day of BOILERMAKE

commit df1adf1f8d9ec109b5612aad4326df8bc3ccadbb
Author: mittal13@purdue.edu <mittal13@ecegrid-thin1.ecn.purdue.edu>
Date:   Wed Oct 15 16:21:54 2014 -0400

    Starting PA06 and adding answer06.c

commit 227b79b4687678447e30af89a1c69312937cf7d7
Author: mittal13@purdue.edu <mittal13@ecegrid-thin1.ecn.purdue.edu>
Date:   Wed Oct 15 16:18:47 2014 -0400

    Starting PA06

commit 094d44f7533d7036e35be5c1994d0458d1386ad7
Author: mittal13@purdue.edu <mittal13@ecegrid-thin1.ecn.purdue.edu>
Date:   Fri Oct 10 18:17:34 2014 -0400

    FINISHED PA05

commit 283a0f60fb5341a16f02872625f4b95bf8c7d561
Author: mittal13@purdue.edu <mittal13@ecegrid-thin1.ecn.purdue.edu>
Date:   Fri Oct 10 13:01:44 2014 -0400

    Finished

commit bbfbd4b8de8837e4e34ce8c964c30d4cfe997cb0
Author: mittal13@purdue.edu <mittal13@ecegrid-thin1.ecn.purdue.edu>
Date:   Wed Oct 8 16:23:29 2014 -0400

    Doing PA05

commit 47af187be8f5108980469cf19ab4d08f45ac382f
Author: mittal13@purdue.edu <mittal13@ecegrid-thin1.ecn.purdue.edu>
Date:   Wed Oct 8 16:18:01 2014 -0400

    Starting PA05

commit 47380ceaf0bbbb54ac4f38a29e3bc9167857a865
Author: mittal13@purdue.edu <mittal13@ecegrid-thin1.ecn.purdue.edu>
Date:   Fri Oct 3 15:47:20 2014 -0400

    Submitting PA04 after valgrind and gdb stuff

commit 405cd751f4cc156763e4c1260a72251f361aa9f4
Author: mittal13@purdue.edu <mittal13@ecegrid-thin1.ecn.purdue.edu>
Date:   Fri Oct 3 15:23:42 2014 -0400

    Finally done

commit af3f1a765cae9a7b72f099d3277e3f8af7ff80f9
Author: mittal13@purdue.edu <mittal13@ecegrid-thin1.ecn.purdue.edu>
Date:   Wed Oct 1 15:12:48 2014 -0400

    start homework PA04

commit b6b95d74503cab3aece3e1029e68538283e419bd
Author: mittal13@purdue.edu <mittal13@ecegrid-thin1.ecn.purdue.edu>
Date:   Fri Sep 19 18:45:12 2014 -0400

    Finished finally

commit 431b17426d6e0158a303242feb847485c34cfb9b
Author: mittal13@purdue.edu <mittal13@ecegrid-thin1.ecn.purdue.edu>
Date:   Fri Sep 19 11:09:18 2014 -0400

    Doing PA03

commit 1e5b778af06adcdd5c18c7a963f83923f4cb8af6
Author: mittal13@purdue.edu <mittal13@ecegrid-thin1.ecn.purdue.edu>
Date:   Thu Sep 11 16:01:19 2014 -0400

    Start PA03

commit ae5943f227e9e0821d260c5782d2017734aed204
Author: mittal13@purdue.edu <mittal13@ecegrid-thin1.ecn.purdue.edu>
Date:   Thu Sep 4 16:15:32 2014 -0400

    adding the file only once

commit 606f20f3e34de316f3e2c340489b3c5ece94d0fb
Author: mittal13@purdue.edu <mittal13@ecegrid-thin1.ecn.purdue.edu>
Date:   Thu Sep 4 16:12:16 2014 -0400

    Adding the.c file

commit 915febf802bdce42e3dea6f516ae13a0ee4993eb
Author: mittal13@purdue.edu <mittal13@ecegrid-thin1.ecn.purdue.edu>
Date:   Wed Sep 3 17:52:07 2014 -0400

    start homework PA02

commit a7570541a33664395b4de0a1232b527d7be45f63
Author: mittal13@purdue.edu <mittal13@ecegrid-thin1.ecn.purdue.edu>
Date:   Sat Aug 30 19:04:06 2014 -0400

    Status as on Aug 30.

commit 79413750ee15c10950ae1310317839bee19ddf31
Author: mittal13@purdue.edu <mittal13@ecegrid-thin1.ecn.purdue.edu>
Date:   Sat Aug 30 19:02:47 2014 -0400

    Status as on Aug 30.

commit 087ab5bca4ae2ca83421a64484eafb1b087e121b
Author: mittal13@purdue.edu <mittal13@ecegrid-thin1.ecn.purdue.edu>
Date:   Fri Aug 29 20:27:50 2014 -0400

    Update as on Aug 29, 2014

commit de3d99cd08d2172c34f257ac652b318154f033b2
Author: Arnav Mittal <mittal13@ecegrid-thin1.ecn.purdue.edu>
Date:   Fri Aug 29 19:18:56 2014 -0400

    my first commit

commit 739a5e664590f400b85da617360a79fe962df3cf
Author: arnavmittal <mittal13@purdue.edu>
Date:   Fri Aug 29 18:57:48 2014 -0400

    Initial commit
