==703== Memcheck, a memory error detector
==703== Copyright (C) 2002-2012, and GNU GPL'd, by Julian Seward et al.
==703== Using Valgrind-3.8.1 and LibVEX; rerun with -h for copyright info
==703== Command: ./pa09
==703== Parent PID: 30137
==703== 
--703-- 
--703-- Valgrind options:
--703--    --tool=memcheck
--703--    --leak-check=full
--703--    --verbose
--703--    --log-file=memcheck.log
--703-- Contents of /proc/version:
--703--   Linux version 2.6.32-431.29.2.el6.x86_64 (mockbuild@x86-026.build.eng.bos.redhat.com) (gcc version 4.4.7 20120313 (Red Hat 4.4.7-4) (GCC) ) #1 SMP Sun Jul 27 15:55:46 EDT 2014
--703-- Arch and hwcaps: AMD64, amd64-sse3-cx16
--703-- Page sizes: currently 4096, max supported 4096
--703-- Valgrind library directory: /usr/lib64/valgrind
--703-- Reading syms from /home/shay/a/mittal13/ECE264/solutions/ECE264Homework/PA09/pa09
--703-- Reading syms from /usr/lib64/valgrind/memcheck-amd64-linux
--703--    object doesn't have a dynamic symbol table
--703-- Reading syms from /lib64/ld-2.12.so
--703--   Considering /usr/lib/debug/.build-id/3b/fa45bce0e82e1d90d37a0cc8630f97f2003bf5.debug ..
--703--   .. build-id is valid
--703-- Scheduler: using generic scheduler lock implementation.
--703-- Reading suppressions file: /usr/lib64/valgrind/default.supp
==703== embedded gdbserver: reading from /tmp/vgdb-pipe-from-vgdb-to-703-by-mittal13-on-ecegrid-thin1.ecn.purdue.edu
==703== embedded gdbserver: writing to   /tmp/vgdb-pipe-to-vgdb-from-703-by-mittal13-on-ecegrid-thin1.ecn.purdue.edu
==703== embedded gdbserver: shared mem   /tmp/vgdb-pipe-shared-mem-vgdb-703-by-mittal13-on-ecegrid-thin1.ecn.purdue.edu
==703== 
==703== TO CONTROL THIS PROCESS USING vgdb (which you probably
==703== don't want to do, unless you know exactly what you're doing,
==703== or are doing some strange experiment):
==703==   /usr/lib64/valgrind/../../bin/vgdb --pid=703 ...command...
==703== 
==703== TO DEBUG THIS PROCESS USING GDB: start GDB like this
==703==   /path/to/gdb ./pa09
==703== and then give GDB the following command
==703==   target remote | /usr/lib64/valgrind/../../bin/vgdb --pid=703
==703== --pid is optional if only one valgrind process is running
==703== 
--703-- REDIR: 0x35ff417610 (strlen) redirected to 0x38049551 (vgPlain_amd64_linux_REDIR_FOR_strlen)
--703-- Reading syms from /usr/lib64/valgrind/vgpreload_core-amd64-linux.so
--703-- Reading syms from /usr/lib64/valgrind/vgpreload_memcheck-amd64-linux.so
--703-- REDIR: 0x35ff417480 (index) redirected to 0x4a07c30 (index)
--703-- REDIR: 0x35ff417500 (strcmp) redirected to 0x4a08570 (strcmp)
--703-- Reading syms from /lib64/libc-2.12.so
--703--   Considering /usr/lib/debug/.build-id/73/3ad3a438b5a695f7a63a77413f9b2c8c94e8e6.debug ..
--703--   .. build-id is valid
--703-- REDIR: 0x35ff884cd0 (strcasecmp) redirected to 0x480155c (_vgnU_ifunc_wrapper)
--703-- REDIR: 0x35ff886f90 (strncasecmp) redirected to 0x480155c (_vgnU_ifunc_wrapper)
--703-- REDIR: 0x35ff882c40 (__GI_strrchr) redirected to 0x4a07ab0 (__GI_strrchr)
--703-- REDIR: 0x35ff87a640 (malloc) redirected to 0x4a069ac (malloc)
--703-- REDIR: 0x35ff883350 (memchr) redirected to 0x4a08610 (memchr)
--703-- REDIR: 0x35ff889670 (memcpy) redirected to 0x4a08b60 (memcpy)
--703-- REDIR: 0x35ff881120 (strlen) redirected to 0x480155c (_vgnU_ifunc_wrapper)
--703-- REDIR: 0x35ff9336f0 (__strlen_sse42) redirected to 0x4a07f90 (strlen)
--703-- REDIR: 0x35ff87f630 (index) redirected to 0x480155c (_vgnU_ifunc_wrapper)
--703-- REDIR: 0x35ff928370 (__strchr_sse42) redirected to 0x4a07b40 (index)
--703-- REDIR: 0x35ff87b520 (free) redirected to 0x4a063a9 (free)
--703-- REDIR: 0x35ff87f6e0 (strcmp) redirected to 0x480155c (_vgnU_ifunc_wrapper)
--703-- REDIR: 0x35ff928420 (__strcmp_sse42) redirected to 0x4a084d0 (strcmp)
==703== 
==703== HEAP SUMMARY:
==703==     in use at exit: 0 bytes in 0 blocks
==703==   total heap usage: 17 allocs, 17 frees, 2,969 bytes allocated
==703== 
==703== All heap blocks were freed -- no leaks are possible
==703== 
==703== ERROR SUMMARY: 0 errors from 0 contexts (suppressed: 6 from 6)
--703-- 
--703-- used_suppression:      4 U1004-ARM-_dl_relocate_object
--703-- used_suppression:      2 glibc-2.5.x-on-SUSE-10.2-(PPC)-2a
==703== 
==703== ERROR SUMMARY: 0 errors from 0 contexts (suppressed: 6 from 6)
